********************************************************************************
Obsolete PIO Core v6.1.5 is used (previous was 6.1.6)
Please remove multiple PIO Cores from a system:
https://docs.platformio.org/en/latest/core/installation/troubleshooting.html
********************************************************************************
Processing eggcooker (board: nodemcu-32s; framework: arduino; platform: platformio/espressif32 @ 5.2.0)
--------------------------------------------------------------------------------
HARDWARE: ESP32 240MHz, 320KB RAM, 4MB Flash
 - toolchain-xtensa-esp32 @ 8.4.0+2021r2-patch3
LDF: Library Dependency Finder -> https://bit.ly/configure-pio-ldf
Dependency Graph
|-- AsyncTCP-esphome @ 1.2.2
|-- Wire @ 2.0.0
|-- SPI @ 2.0.0
|-- FS @ 2.0.0
|-- SPIFFS @ 2.0.0
|-- Preferences @ 2.0.0
|-- Adafruit BusIO @ 1.14.1
|-- Adafruit GFX Library @ 1.11.5
|-- Adafruit ILI9341 @ 1.5.12
|-- ThingPulse XPT2046 Touch @ 1.4.0
|-- TFT_eSPI @ 2.5.21
|-- GUIslice @ 0.17.0+sha.6163d6e
|-- WiFi @ 2.0.0
|-- Update @ 2.0.0
|-- ESPAsyncWebServer-esphome @ 2.1.0
|   |-- AsyncTCP-esphome @ 1.2.2
|-- DNSServer @ 2.0.0
|-- ESPmDNS @ 2.0.0
|-- ArduinoJson @ 6.18.5
Compiling .pioenvs/eggcooker/src/eggslice.cpp.o
Compiling .pioenvs/eggcooker/src/main.cpp.o
